<?xml version="1.0" encoding="UTF-8"?>
<!-- Generated by org.testng.reporters.JUnitXMLReporter -->
<testsuite ignored="0" hostname="Krishna-PC" failures="1" tests="3" name="Test" time="8.96" errors="0" timestamp="2023-06-14T13:07:14 CDT">
  <testcase classname="TestCases.DemoTest" name="Logo" time="0.086"/>
  <testcase classname="TestCases.DemoTest" name="Login" time="0.944">
    <failure type="java.lang.AssertionError" message="expected [invalid msgs] but found [Login was unsuccessful. Please correct the errors and try again.
No customer account found]">
      <![CDATA[java.lang.AssertionError: expected [invalid msgs] but found [Login was unsuccessful. Please correct the errors and try again.
No customer account found]
at TestCases.DemoTest.Login(DemoTest.java:62)
at java.base/java.util.ArrayList.forEach(ArrayList.java:1511)
... Removed 31 stack frames]]>
    </failure>
  </testcase> <!-- Login -->
  <testcase classname="TestCases.DemoTest" name="Register" time="0.005">
    <skipped/>
  </testcase> <!-- Register -->
</testsuite> <!-- Test -->
