<?xml version="1.0" encoding="UTF-8"?>
<testsuite xmlns:xsi="http://www.w3.org/2001/XMLSchema-instance" xsi:noNamespaceSchemaLocation="https://maven.apache.org/surefire/maven-surefire-plugin/xsd/surefire-test-report.xsd" name="TestSuite" time="11.799" tests="3" errors="0" skipped="0" failures="2">
  <properties>
[...]
</properties>
  <testcase name="Logo" classname="TestCases.DemoTest" time="0.096"/>
  <testcase name="Login" classname="TestCases.DemoTest" time="1.12">
    <failure message="expected [invalid msgs] but found [Login was unsuccessful. Please correct the errors and try again.&#10;No customer account found]" type="java.lang.AssertionError">java.lang.AssertionError: 
expected [invalid msgs] but found [Login was unsuccessful. Please correct the errors and try again.
No customer account found]
	at TestCases.DemoTest.Login(DemoTest.java:62)
</failure>
    <system-out><![CDATA[OnTestStart Loginstart
ScreenShot capture Login
]]></system-out>
    <system-err><![CDATA[Jun 15, 2023 9:30:21 PM org.openqa.selenium.remote.service.DriverService$Builder getLogOutput
INFO: Driver logs no longer sent to console by default; https://www.selenium.dev/documentation/webdriver/drivers/service/#setting-log-output
]]></system-err>
  </testcase>
  <testcase name="Register" classname="TestCases.DemoTest" time="0.43">
    <failure message="&#10;Method DemoTest.Register()[pri:3, instance:TestCases.DemoTest@1e63d216] should have thrown an exception of type class org.testng.SkipException" type="org.testng.TestException">org.testng.TestException: 

Method DemoTest.Register()[pri:3, instance:TestCases.DemoTest@1e63d216] should have thrown an exception of type class org.testng.SkipException
</failure>
    <system-out><![CDATA[OnTestStart Registerstart
ScreenShot capture Register
]]></system-out>
    <system-err><![CDATA[Jun 15, 2023 9:30:24 PM org.openqa.selenium.remote.service.DriverService$Builder getLogOutput
INFO: Driver logs no longer sent to console by default; https://www.selenium.dev/documentation/webdriver/drivers/service/#setting-log-output
]]></system-err>
  </testcase>
</testsuite>